2020-02-01 21:35:31,214 [Worker-12] INFO  o.e.m.c.i.p.ProjectConfigurationManager - Collecting project info '/pom.xml' D:\Maven-Hexaware\CarsProject\pom.xml
2020-02-01 21:35:36,665 [Worker-12] INFO  o.e.m.c.i.l.LifecycleMappingFactory - Using org.maven.ide.eclipse.wtp.WarLifecycleMapping lifecycle mapping for MavenProject: com.hexaware.batch4:CarsProject:0.0.1-SNAPSHOT @ D:\Maven-Hexaware\CarsProject\pom.xml.
2020-02-01 21:35:39,598 [Worker-12] INFO  o.e.m.j.i.AbstractJavaProjectConfigurator - Adding source folder /CarsProject/src/main/java
2020-02-01 21:35:39,599 [Worker-12] INFO  o.e.m.j.i.AbstractJavaProjectConfigurator - Adding resource folder /CarsProject/src/main/resources
2020-02-01 21:35:39,599 [Worker-12] INFO  o.e.m.j.i.AbstractJavaProjectConfigurator - Adding source folder /CarsProject/src/test/java
2020-02-01 21:35:52,856 [Worker-12] INFO  o.e.m.c.i.p.ProjectConfigurationManager - Imported and configured 1 project(s) in 21 sec
2020-02-01 21:35:54,286 [Worker-10] WARN  o.e.m.c.i.embedder.EclipseLogger - Using platform encoding (Cp1252 actually) to copy filtered resources, i.e. build is platform dependent!
2020-02-01 21:35:54,341 [Worker-10] INFO  o.e.m.c.i.embedder.EclipseLogger - Copying 0 resource
2020-02-01 21:35:54,344 [Worker-10] WARN  o.e.m.c.i.embedder.EclipseLogger - Using platform encoding (Cp1252 actually) to copy filtered resources, i.e. build is platform dependent!
2020-02-01 21:35:54,375 [Worker-10] INFO  o.e.m.c.i.embedder.EclipseLogger - skip non existing resourceDirectory D:\Maven-Hexaware\CarsProject\src\test\resources
2020-02-01 21:35:58,496 [Worker-2] WARN  o.e.m.c.i.embedder.EclipseLogger - Using platform encoding (Cp1252 actually) to copy filtered resources, i.e. build is platform dependent!
2020-02-01 21:35:58,536 [Worker-2] INFO  o.e.m.c.i.embedder.EclipseLogger - Copying 0 resource
2020-02-01 21:35:58,537 [Worker-2] WARN  o.e.m.c.i.embedder.EclipseLogger - Using platform encoding (Cp1252 actually) to copy filtered resources, i.e. build is platform dependent!
2020-02-01 21:35:58,540 [Worker-2] INFO  o.e.m.c.i.embedder.EclipseLogger - skip non existing resourceDirectory D:\Maven-Hexaware\CarsProject\src\test\resources
2020-02-01 21:37:12,127 [Worker-7] WARN  o.e.m.c.i.embedder.EclipseLogger - Using platform encoding (Cp1252 actually) to copy filtered resources, i.e. build is platform dependent!
2020-02-01 21:37:12,132 [Worker-7] INFO  o.e.m.c.i.embedder.EclipseLogger - Copying 0 resource
2020-02-01 21:37:12,134 [Worker-7] WARN  o.e.m.c.i.embedder.EclipseLogger - Using platform encoding (Cp1252 actually) to copy filtered resources, i.e. build is platform dependent!
2020-02-01 21:37:12,137 [Worker-7] INFO  o.e.m.c.i.embedder.EclipseLogger - skip non existing resourceDirectory D:\Maven-Hexaware\CarsProject\src\test\resources
2020-02-01 21:38:34,399 [Worker-17] WARN  o.e.m.c.i.embedder.EclipseLogger - Using platform encoding (Cp1252 actually) to copy filtered resources, i.e. build is platform dependent!
2020-02-01 21:38:34,404 [Worker-17] INFO  o.e.m.c.i.embedder.EclipseLogger - Copying 0 resource
2020-02-01 21:38:34,405 [Worker-17] WARN  o.e.m.c.i.embedder.EclipseLogger - Using platform encoding (Cp1252 actually) to copy filtered resources, i.e. build is platform dependent!
2020-02-01 21:38:34,409 [Worker-17] INFO  o.e.m.c.i.embedder.EclipseLogger - skip non existing resourceDirectory D:\Maven-Hexaware\CarsProject\src\test\resources
2020-02-01 21:39:21,518 [Worker-10] WARN  o.e.m.c.i.embedder.EclipseLogger - Using platform encoding (Cp1252 actually) to copy filtered resources, i.e. build is platform dependent!
2020-02-01 21:39:21,522 [Worker-10] INFO  o.e.m.c.i.embedder.EclipseLogger - Copying 0 resource
2020-02-01 21:39:21,524 [Worker-10] WARN  o.e.m.c.i.embedder.EclipseLogger - Using platform encoding (Cp1252 actually) to copy filtered resources, i.e. build is platform dependent!
2020-02-01 21:39:21,548 [Worker-10] INFO  o.e.m.c.i.embedder.EclipseLogger - skip non existing resourceDirectory D:\Maven-Hexaware\CarsProject\src\test\resources
2020-02-01 22:17:57,831 [Worker-4] INFO  o.e.m.c.i.embedder.EclipseLogger - Using 'UTF-8' encoding to copy filtered resources.
2020-02-01 22:17:57,856 [Worker-4] INFO  o.e.m.c.i.embedder.EclipseLogger - Copying 0 resource
2020-02-01 22:17:57,860 [Worker-4] INFO  o.e.m.c.i.embedder.EclipseLogger - Using 'UTF-8' encoding to copy filtered resources.
2020-02-01 22:17:57,860 [Worker-4] INFO  o.e.m.c.i.embedder.EclipseLogger - skip non existing resourceDirectory D:\Maven-Hexaware\CarsProject\src\test\resources
2020-02-01 22:18:02,255 [Worker-12] INFO  o.e.m.c.i.l.LifecycleMappingFactory - Using org.maven.ide.eclipse.wtp.WarLifecycleMapping lifecycle mapping for MavenProject: com.hexaware.batch4:CarsProject:0.0.1-SNAPSHOT @ D:\Maven-Hexaware\CarsProject\pom.xml.
2020-02-01 22:18:05,253 [Worker-12] INFO  o.e.m.c.i.embedder.EclipseLogger - Using 'UTF-8' encoding to copy filtered resources.
2020-02-01 22:18:05,256 [Worker-12] INFO  o.e.m.c.i.embedder.EclipseLogger - Copying 0 resource
2020-02-01 22:18:05,258 [Worker-12] INFO  o.e.m.c.i.embedder.EclipseLogger - Using 'UTF-8' encoding to copy filtered resources.
2020-02-01 22:18:05,258 [Worker-12] INFO  o.e.m.c.i.embedder.EclipseLogger - skip non existing resourceDirectory D:\Maven-Hexaware\CarsProject\src\test\resources
2020-02-01 22:18:05,260 [Worker-12] INFO  o.e.m.w.i.f.ResourceFilteringBuildParticipant - Changed resources require a complete clean of filtered resources of CarsProject
2020-02-01 22:18:05,261 [Worker-12] INFO  o.e.m.w.i.f.ResourceFilteringBuildParticipant - Executing resource filtering for CarsProject
2020-02-01 22:18:05,268 [Worker-12] INFO  o.e.m.c.i.embedder.EclipseLogger - Using 'UTF-8' encoding to copy filtered resources.
2020-02-01 22:18:55,185 [Worker-2] INFO  o.e.m.c.i.p.ProjectConfigurationManager - Update started
2020-02-01 22:18:56,154 [Worker-2] INFO  o.e.m.c.i.l.LifecycleMappingFactory - Using org.maven.ide.eclipse.wtp.WarLifecycleMapping lifecycle mapping for MavenProject: com.hexaware.batch4:CarsProject:0.0.1-SNAPSHOT @ D:\Maven-Hexaware\CarsProject\pom.xml.
2020-02-01 22:18:58,228 [Worker-2] INFO  o.e.m.j.i.AbstractJavaProjectConfigurator - Adding source folder /CarsProject/src/main/java
2020-02-01 22:18:58,229 [Worker-2] INFO  o.e.m.j.i.AbstractJavaProjectConfigurator - Adding resource folder /CarsProject/src/main/resources
2020-02-01 22:18:58,248 [Worker-2] INFO  o.e.m.j.i.AbstractJavaProjectConfigurator - Adding source folder /CarsProject/src/test/java
2020-02-01 22:18:58,939 [Worker-2] ERROR o.e.m2e.wtp.WTPProjectConfigurator - Unable to configure CarsProject
org.eclipse.m2e.wtp.MarkedException: Unable to configure CarsProject
	at org.eclipse.m2e.wtp.AbstractProjectConfiguratorDelegate.configureProject(AbstractProjectConfiguratorDelegate.java:98) ~[na:na]
	at org.eclipse.m2e.wtp.WTPProjectConfigurator.configure(WTPProjectConfigurator.java:71) ~[na:na]
	at org.eclipse.m2e.core.project.configurator.AbstractLifecycleMapping.configure(AbstractLifecycleMapping.java:120) [org.eclipse.m2e.core_1.6.2.20150902-0002.jar:na]
	at org.eclipse.m2e.core.internal.project.ProjectConfigurationManager$3.call(ProjectConfigurationManager.java:501) [org.eclipse.m2e.core_1.6.2.20150902-0002.jar:na]
	at org.eclipse.m2e.core.internal.project.ProjectConfigurationManager$3.call(ProjectConfigurationManager.java:1) [org.eclipse.m2e.core_1.6.2.20150902-0002.jar:na]
	at org.eclipse.m2e.core.internal.embedder.MavenExecutionContext.executeBare(MavenExecutionContext.java:176) [org.eclipse.m2e.core_1.6.2.20150902-0002.jar:na]
	at org.eclipse.m2e.core.internal.embedder.MavenExecutionContext.execute(MavenExecutionContext.java:151) [org.eclipse.m2e.core_1.6.2.20150902-0002.jar:na]
	at org.eclipse.m2e.core.internal.project.ProjectConfigurationManager.updateProjectConfiguration(ProjectConfigurationManager.java:494) [org.eclipse.m2e.core_1.6.2.20150902-0002.jar:na]
	at org.eclipse.m2e.core.internal.project.ProjectConfigurationManager.updateProjectConfiguration0(ProjectConfigurationManager.java:432) [org.eclipse.m2e.core_1.6.2.20150902-0002.jar:na]
	at org.eclipse.m2e.core.internal.project.ProjectConfigurationManager$2.call(ProjectConfigurationManager.java:345) [org.eclipse.m2e.core_1.6.2.20150902-0002.jar:na]
	at org.eclipse.m2e.core.internal.project.ProjectConfigurationManager$2.call(ProjectConfigurationManager.java:1) [org.eclipse.m2e.core_1.6.2.20150902-0002.jar:na]
	at org.eclipse.m2e.core.internal.embedder.MavenExecutionContext.executeBare(MavenExecutionContext.java:176) [org.eclipse.m2e.core_1.6.2.20150902-0002.jar:na]
	at org.eclipse.m2e.core.internal.embedder.MavenExecutionContext.execute(MavenExecutionContext.java:151) [org.eclipse.m2e.core_1.6.2.20150902-0002.jar:na]
	at org.eclipse.m2e.core.internal.embedder.MavenExecutionContext.execute(MavenExecutionContext.java:99) [org.eclipse.m2e.core_1.6.2.20150902-0002.jar:na]
	at org.eclipse.m2e.core.internal.embedder.MavenImpl.execute(MavenImpl.java:1351) [org.eclipse.m2e.core_1.6.2.20150902-0002.jar:na]
	at org.eclipse.m2e.core.internal.project.ProjectConfigurationManager.updateProjectConfiguration(ProjectConfigurationManager.java:342) [org.eclipse.m2e.core_1.6.2.20150902-0002.jar:na]
	at org.eclipse.m2e.core.ui.internal.UpdateMavenProjectJob.runInWorkspace(UpdateMavenProjectJob.java:77) [org.eclipse.m2e.core.ui_1.6.2.20150902-0002.jar:na]
	at org.eclipse.core.internal.resources.InternalWorkspaceJob.run(InternalWorkspaceJob.java:39) [org.eclipse.core.resources_3.10.1.v20150725-1910.jar:na]
	at org.eclipse.core.internal.jobs.Worker.run(Worker.java:55) [org.eclipse.core.jobs_3.7.0.v20150330-2103.jar:na]
Caused by: org.eclipse.core.runtime.CoreException: One or more constraints have not been satisfied.
	at org.eclipse.wst.common.project.facet.core.internal.FacetedProject.modifyInternal(FacetedProject.java:363) ~[na:na]
	at org.eclipse.wst.common.project.facet.core.internal.FacetedProject.mergeChangesInternal(FacetedProject.java:1181) ~[na:na]
	at org.eclipse.wst.common.project.facet.core.internal.FacetedProject.access$2(FacetedProject.java:1117) ~[na:na]
	at org.eclipse.wst.common.project.facet.core.internal.FacetedProject$1.run(FacetedProject.java:324) ~[na:na]
	at org.eclipse.core.internal.resources.Workspace.run(Workspace.java:2241) ~[org.eclipse.core.resources_3.10.1.v20150725-1910.jar:na]
	at org.eclipse.wst.common.project.facet.core.internal.FacetedProject.modify(FacetedProject.java:339) ~[na:na]
	at org.eclipse.m2e.wtp.WebProjectConfiguratorDelegate.configure(WebProjectConfiguratorDelegate.java:133) ~[na:na]
	at org.eclipse.m2e.wtp.AbstractProjectConfiguratorDelegate.configureProject(AbstractProjectConfiguratorDelegate.java:94) ~[na:na]
	... 18 common frames omitted
2020-02-01 22:19:00,211 [Worker-2] INFO  o.e.m.w.i.f.ResourceFilteringBuildParticipant - Cleaning filtered folder for CarsProject
2020-02-01 22:19:00,234 [Worker-2] INFO  o.e.m.c.i.p.ProjectConfigurationManager - Update completed: 5 sec
2020-02-01 22:19:01,578 [Worker-3] INFO  o.e.m.c.i.embedder.EclipseLogger - Using 'UTF-8' encoding to copy filtered resources.
2020-02-01 22:19:01,579 [Worker-3] INFO  o.e.m.c.i.embedder.EclipseLogger - Copying 0 resource
2020-02-01 22:19:01,581 [Worker-3] INFO  o.e.m.c.i.embedder.EclipseLogger - Using 'UTF-8' encoding to copy filtered resources.
2020-02-01 22:19:01,582 [Worker-3] INFO  o.e.m.c.i.embedder.EclipseLogger - skip non existing resourceDirectory D:\Maven-Hexaware\CarsProject\src\test\resources
2020-02-01 22:19:01,582 [Worker-3] INFO  o.e.m.w.i.f.ResourceFilteringBuildParticipant - Changed resources require a complete clean of filtered resources of CarsProject
2020-02-01 22:19:01,582 [Worker-3] INFO  o.e.m.w.i.f.ResourceFilteringBuildParticipant - Executing resource filtering for CarsProject
2020-02-01 22:19:01,588 [Worker-3] INFO  o.e.m.c.i.embedder.EclipseLogger - Using 'UTF-8' encoding to copy filtered resources.
2020-02-01 22:24:30,782 [Worker-7] INFO  o.e.m.c.i.l.LifecycleMappingFactory - Using org.maven.ide.eclipse.wtp.WarLifecycleMapping lifecycle mapping for MavenProject: com.hexaware.batch4:CarsProject:0.0.1-SNAPSHOT @ D:\Maven-Hexaware\CarsProject\pom.xml.
2020-02-01 22:24:33,540 [Worker-7] INFO  o.e.m.c.i.embedder.EclipseLogger - Using 'UTF-8' encoding to copy filtered resources.
2020-02-01 22:24:33,542 [Worker-7] INFO  o.e.m.c.i.embedder.EclipseLogger - Copying 0 resource
2020-02-01 22:24:33,544 [Worker-7] INFO  o.e.m.c.i.embedder.EclipseLogger - Using 'UTF-8' encoding to copy filtered resources.
2020-02-01 22:24:33,544 [Worker-7] INFO  o.e.m.c.i.embedder.EclipseLogger - skip non existing resourceDirectory D:\Maven-Hexaware\CarsProject\src\test\resources
2020-02-01 22:24:33,544 [Worker-7] INFO  o.e.m.w.i.f.ResourceFilteringBuildParticipant - Changed resources require a complete clean of filtered resources of CarsProject
2020-02-01 22:24:33,544 [Worker-7] INFO  o.e.m.w.i.f.ResourceFilteringBuildParticipant - Executing resource filtering for CarsProject
2020-02-01 22:24:33,549 [Worker-7] INFO  o.e.m.c.i.embedder.EclipseLogger - Using 'UTF-8' encoding to copy filtered resources.
2020-02-01 22:28:19,496 [Worker-26] INFO  o.e.m.c.i.l.LifecycleMappingFactory - Using org.maven.ide.eclipse.wtp.WarLifecycleMapping lifecycle mapping for MavenProject: com.hexaware.batch4:CarsProject:0.0.1-SNAPSHOT @ D:\Maven-Hexaware\CarsProject\pom.xml.
2020-02-01 22:28:21,780 [Worker-26] INFO  o.e.m.c.i.embedder.EclipseLogger - Using 'UTF-8' encoding to copy filtered resources.
2020-02-01 22:28:21,782 [Worker-26] INFO  o.e.m.c.i.embedder.EclipseLogger - Copying 0 resource
2020-02-01 22:28:21,783 [Worker-26] INFO  o.e.m.c.i.embedder.EclipseLogger - Using 'UTF-8' encoding to copy filtered resources.
2020-02-01 22:28:21,784 [Worker-26] INFO  o.e.m.c.i.embedder.EclipseLogger - skip non existing resourceDirectory D:\Maven-Hexaware\CarsProject\src\test\resources
2020-02-01 22:28:21,784 [Worker-26] INFO  o.e.m.w.i.f.ResourceFilteringBuildParticipant - Changed resources require a complete clean of filtered resources of CarsProject
2020-02-01 22:28:21,784 [Worker-26] INFO  o.e.m.w.i.f.ResourceFilteringBuildParticipant - Executing resource filtering for CarsProject
2020-02-01 22:28:21,789 [Worker-26] INFO  o.e.m.c.i.embedder.EclipseLogger - Using 'UTF-8' encoding to copy filtered resources.
2020-02-01 22:28:23,751 [Worker-27] INFO  o.e.m.c.i.embedder.EclipseLogger - Using 'UTF-8' encoding to copy filtered resources.
2020-02-01 22:28:23,754 [Worker-27] INFO  o.e.m.c.i.embedder.EclipseLogger - Copying 0 resource
2020-02-01 22:28:23,756 [Worker-27] INFO  o.e.m.c.i.embedder.EclipseLogger - Using 'UTF-8' encoding to copy filtered resources.
2020-02-01 22:28:23,757 [Worker-27] INFO  o.e.m.c.i.embedder.EclipseLogger - skip non existing resourceDirectory D:\Maven-Hexaware\CarsProject\src\test\resources
2020-02-01 22:29:23,229 [Worker-29] INFO  o.e.m.c.i.l.LifecycleMappingFactory - Using org.maven.ide.eclipse.wtp.WarLifecycleMapping lifecycle mapping for MavenProject: com.hexaware.batch4:CarsProject:0.0.1-SNAPSHOT @ D:\Maven-Hexaware\CarsProject\pom.xml.
2020-02-01 22:29:25,118 [Worker-29] INFO  o.e.m.c.i.embedder.EclipseLogger - Using 'UTF-8' encoding to copy filtered resources.
2020-02-01 22:29:25,120 [Worker-29] INFO  o.e.m.c.i.embedder.EclipseLogger - Copying 0 resource
2020-02-01 22:29:25,122 [Worker-29] INFO  o.e.m.c.i.embedder.EclipseLogger - Using 'UTF-8' encoding to copy filtered resources.
2020-02-01 22:29:25,122 [Worker-29] INFO  o.e.m.c.i.embedder.EclipseLogger - skip non existing resourceDirectory D:\Maven-Hexaware\CarsProject\src\test\resources
2020-02-01 22:29:25,123 [Worker-29] INFO  o.e.m.w.i.f.ResourceFilteringBuildParticipant - Changed resources require a complete clean of filtered resources of CarsProject
2020-02-01 22:29:25,123 [Worker-29] INFO  o.e.m.w.i.f.ResourceFilteringBuildParticipant - Executing resource filtering for CarsProject
2020-02-01 22:29:25,129 [Worker-29] INFO  o.e.m.c.i.embedder.EclipseLogger - Using 'UTF-8' encoding to copy filtered resources.
2020-02-01 22:31:12,925 [Worker-28] INFO  o.e.m.c.i.l.LifecycleMappingFactory - Using org.maven.ide.eclipse.wtp.WarLifecycleMapping lifecycle mapping for MavenProject: com.hexaware.batch4:CarsProject:0.0.1-SNAPSHOT @ D:\Maven-Hexaware\CarsProject\pom.xml.
2020-02-01 22:31:14,707 [Worker-28] INFO  o.e.m.c.i.embedder.EclipseLogger - Using 'UTF-8' encoding to copy filtered resources.
2020-02-01 22:31:14,709 [Worker-28] INFO  o.e.m.c.i.embedder.EclipseLogger - Copying 0 resource
2020-02-01 22:31:14,712 [Worker-28] INFO  o.e.m.c.i.embedder.EclipseLogger - Using 'UTF-8' encoding to copy filtered resources.
2020-02-01 22:31:14,712 [Worker-28] INFO  o.e.m.c.i.embedder.EclipseLogger - skip non existing resourceDirectory D:\Maven-Hexaware\CarsProject\src\test\resources
2020-02-01 22:31:14,713 [Worker-28] INFO  o.e.m.w.i.f.ResourceFilteringBuildParticipant - Changed resources require a complete clean of filtered resources of CarsProject
2020-02-01 22:31:14,713 [Worker-28] INFO  o.e.m.w.i.f.ResourceFilteringBuildParticipant - Executing resource filtering for CarsProject
2020-02-01 22:31:14,718 [Worker-28] INFO  o.e.m.c.i.embedder.EclipseLogger - Using 'UTF-8' encoding to copy filtered resources.
2020-02-01 22:31:32,874 [Worker-29] INFO  o.e.m.c.i.l.LifecycleMappingFactory - Using org.maven.ide.eclipse.wtp.WarLifecycleMapping lifecycle mapping for MavenProject: com.hexaware.batch4:CarsProject:0.0.1-SNAPSHOT @ D:\Maven-Hexaware\CarsProject\pom.xml.
2020-02-01 22:31:34,628 [Worker-29] INFO  o.e.m.c.i.embedder.EclipseLogger - Using 'UTF-8' encoding to copy filtered resources.
2020-02-01 22:31:34,630 [Worker-29] INFO  o.e.m.c.i.embedder.EclipseLogger - Copying 0 resource
2020-02-01 22:31:34,632 [Worker-29] INFO  o.e.m.c.i.embedder.EclipseLogger - Using 'UTF-8' encoding to copy filtered resources.
2020-02-01 22:31:34,632 [Worker-29] INFO  o.e.m.c.i.embedder.EclipseLogger - skip non existing resourceDirectory D:\Maven-Hexaware\CarsProject\src\test\resources
2020-02-01 22:31:34,632 [Worker-29] INFO  o.e.m.w.i.f.ResourceFilteringBuildParticipant - Changed resources require a complete clean of filtered resources of CarsProject
2020-02-01 22:31:34,632 [Worker-29] INFO  o.e.m.w.i.f.ResourceFilteringBuildParticipant - Executing resource filtering for CarsProject
2020-02-01 22:31:34,636 [Worker-29] INFO  o.e.m.c.i.embedder.EclipseLogger - Using 'UTF-8' encoding to copy filtered resources.
2020-02-01 22:31:46,435 [Worker-31] INFO  o.e.m.c.i.embedder.EclipseLogger - Using 'UTF-8' encoding to copy filtered resources.
2020-02-01 22:31:46,438 [Worker-31] INFO  o.e.m.c.i.embedder.EclipseLogger - Copying 0 resource
2020-02-01 22:31:46,440 [Worker-31] INFO  o.e.m.c.i.embedder.EclipseLogger - Using 'UTF-8' encoding to copy filtered resources.
2020-02-01 22:31:46,440 [Worker-31] INFO  o.e.m.c.i.embedder.EclipseLogger - skip non existing resourceDirectory D:\Maven-Hexaware\CarsProject\src\test\resources
2020-02-01 22:33:17,730 [Worker-30] INFO  o.e.m.c.i.embedder.EclipseLogger - Using 'UTF-8' encoding to copy filtered resources.
2020-02-01 22:33:17,731 [Worker-30] INFO  o.e.m.c.i.embedder.EclipseLogger - Copying 0 resource
2020-02-01 22:33:17,733 [Worker-30] INFO  o.e.m.c.i.embedder.EclipseLogger - Using 'UTF-8' encoding to copy filtered resources.
2020-02-01 22:33:17,733 [Worker-30] INFO  o.e.m.c.i.embedder.EclipseLogger - skip non existing resourceDirectory D:\Maven-Hexaware\CarsProject\src\test\resources
2020-02-01 22:34:42,462 [Worker-31] INFO  o.e.m.c.i.embedder.EclipseLogger - Using 'UTF-8' encoding to copy filtered resources.
2020-02-01 22:34:42,463 [Worker-31] INFO  o.e.m.c.i.embedder.EclipseLogger - Copying 0 resource
2020-02-01 22:34:42,464 [Worker-31] INFO  o.e.m.c.i.embedder.EclipseLogger - Using 'UTF-8' encoding to copy filtered resources.
2020-02-01 22:34:42,464 [Worker-31] INFO  o.e.m.c.i.embedder.EclipseLogger - skip non existing resourceDirectory D:\Maven-Hexaware\CarsProject\src\test\resources
2020-02-01 22:35:37,533 [Worker-35] INFO  o.e.m.c.i.embedder.EclipseLogger - Using 'UTF-8' encoding to copy filtered resources.
2020-02-01 22:35:37,534 [Worker-35] INFO  o.e.m.c.i.embedder.EclipseLogger - Copying 0 resource
2020-02-01 22:35:37,535 [Worker-35] INFO  o.e.m.c.i.embedder.EclipseLogger - Using 'UTF-8' encoding to copy filtered resources.
2020-02-01 22:35:37,536 [Worker-35] INFO  o.e.m.c.i.embedder.EclipseLogger - skip non existing resourceDirectory D:\Maven-Hexaware\CarsProject\src\test\resources
2020-02-01 22:36:04,839 [Worker-31] INFO  o.e.m.c.i.p.ProjectConfigurationManager - Update started
2020-02-01 22:36:05,617 [Worker-31] INFO  o.e.m.c.i.l.LifecycleMappingFactory - Using org.maven.ide.eclipse.wtp.WarLifecycleMapping lifecycle mapping for MavenProject: com.hexaware.batch4:CarsProject:0.0.1-SNAPSHOT @ D:\Maven-Hexaware\CarsProject\pom.xml.
2020-02-01 22:36:07,485 [Worker-31] INFO  o.e.m.j.i.AbstractJavaProjectConfigurator - Adding source folder /CarsProject/src/main/java
2020-02-01 22:36:07,485 [Worker-31] INFO  o.e.m.j.i.AbstractJavaProjectConfigurator - Adding resource folder /CarsProject/src/main/resources
2020-02-01 22:36:07,486 [Worker-31] INFO  o.e.m.j.i.AbstractJavaProjectConfigurator - Adding source folder /CarsProject/src/test/java
2020-02-01 22:36:07,652 [Worker-31] ERROR o.e.m2e.wtp.WTPProjectConfigurator - Unable to configure CarsProject
org.eclipse.m2e.wtp.MarkedException: Unable to configure CarsProject
	at org.eclipse.m2e.wtp.AbstractProjectConfiguratorDelegate.configureProject(AbstractProjectConfiguratorDelegate.java:98) ~[na:na]
	at org.eclipse.m2e.wtp.WTPProjectConfigurator.configure(WTPProjectConfigurator.java:71) ~[na:na]
	at org.eclipse.m2e.core.project.configurator.AbstractLifecycleMapping.configure(AbstractLifecycleMapping.java:120) [org.eclipse.m2e.core_1.6.2.20150902-0002.jar:na]
	at org.eclipse.m2e.core.internal.project.ProjectConfigurationManager$3.call(ProjectConfigurationManager.java:501) [org.eclipse.m2e.core_1.6.2.20150902-0002.jar:na]
	at org.eclipse.m2e.core.internal.project.ProjectConfigurationManager$3.call(ProjectConfigurationManager.java:1) [org.eclipse.m2e.core_1.6.2.20150902-0002.jar:na]
	at org.eclipse.m2e.core.internal.embedder.MavenExecutionContext.executeBare(MavenExecutionContext.java:176) [org.eclipse.m2e.core_1.6.2.20150902-0002.jar:na]
	at org.eclipse.m2e.core.internal.embedder.MavenExecutionContext.execute(MavenExecutionContext.java:151) [org.eclipse.m2e.core_1.6.2.20150902-0002.jar:na]
	at org.eclipse.m2e.core.internal.project.ProjectConfigurationManager.updateProjectConfiguration(ProjectConfigurationManager.java:494) [org.eclipse.m2e.core_1.6.2.20150902-0002.jar:na]
	at org.eclipse.m2e.core.internal.project.ProjectConfigurationManager.updateProjectConfiguration0(ProjectConfigurationManager.java:432) [org.eclipse.m2e.core_1.6.2.20150902-0002.jar:na]
	at org.eclipse.m2e.core.internal.project.ProjectConfigurationManager$2.call(ProjectConfigurationManager.java:345) [org.eclipse.m2e.core_1.6.2.20150902-0002.jar:na]
	at org.eclipse.m2e.core.internal.project.ProjectConfigurationManager$2.call(ProjectConfigurationManager.java:1) [org.eclipse.m2e.core_1.6.2.20150902-0002.jar:na]
	at org.eclipse.m2e.core.internal.embedder.MavenExecutionContext.executeBare(MavenExecutionContext.java:176) [org.eclipse.m2e.core_1.6.2.20150902-0002.jar:na]
	at org.eclipse.m2e.core.internal.embedder.MavenExecutionContext.execute(MavenExecutionContext.java:151) [org.eclipse.m2e.core_1.6.2.20150902-0002.jar:na]
	at org.eclipse.m2e.core.internal.embedder.MavenExecutionContext.execute(MavenExecutionContext.java:99) [org.eclipse.m2e.core_1.6.2.20150902-0002.jar:na]
	at org.eclipse.m2e.core.internal.embedder.MavenImpl.execute(MavenImpl.java:1351) [org.eclipse.m2e.core_1.6.2.20150902-0002.jar:na]
	at org.eclipse.m2e.core.internal.project.ProjectConfigurationManager.updateProjectConfiguration(ProjectConfigurationManager.java:342) [org.eclipse.m2e.core_1.6.2.20150902-0002.jar:na]
	at org.eclipse.m2e.core.ui.internal.UpdateMavenProjectJob.runInWorkspace(UpdateMavenProjectJob.java:77) [org.eclipse.m2e.core.ui_1.6.2.20150902-0002.jar:na]
	at org.eclipse.core.internal.resources.InternalWorkspaceJob.run(InternalWorkspaceJob.java:39) [org.eclipse.core.resources_3.10.1.v20150725-1910.jar:na]
	at org.eclipse.core.internal.jobs.Worker.run(Worker.java:55) [org.eclipse.core.jobs_3.7.0.v20150330-2103.jar:na]
Caused by: org.eclipse.core.runtime.CoreException: One or more constraints have not been satisfied.
	at org.eclipse.wst.common.project.facet.core.internal.FacetedProject.modifyInternal(FacetedProject.java:363) ~[na:na]
	at org.eclipse.wst.common.project.facet.core.internal.FacetedProject.mergeChangesInternal(FacetedProject.java:1181) ~[na:na]
	at org.eclipse.wst.common.project.facet.core.internal.FacetedProject.access$2(FacetedProject.java:1117) ~[na:na]
	at org.eclipse.wst.common.project.facet.core.internal.FacetedProject$1.run(FacetedProject.java:324) ~[na:na]
	at org.eclipse.core.internal.resources.Workspace.run(Workspace.java:2241) ~[org.eclipse.core.resources_3.10.1.v20150725-1910.jar:na]
	at org.eclipse.wst.common.project.facet.core.internal.FacetedProject.modify(FacetedProject.java:339) ~[na:na]
	at org.eclipse.m2e.wtp.WebProjectConfiguratorDelegate.configure(WebProjectConfiguratorDelegate.java:133) ~[na:na]
	at org.eclipse.m2e.wtp.AbstractProjectConfiguratorDelegate.configureProject(AbstractProjectConfiguratorDelegate.java:94) ~[na:na]
	... 18 common frames omitted
2020-02-01 22:36:08,287 [Worker-31] INFO  o.e.m.w.i.f.ResourceFilteringBuildParticipant - Cleaning filtered folder for CarsProject
2020-02-01 22:36:08,299 [Worker-31] INFO  o.e.m.c.i.p.ProjectConfigurationManager - Update completed: 3 sec
2020-02-01 22:36:09,578 [Worker-33] INFO  o.e.m.c.i.embedder.EclipseLogger - Using 'UTF-8' encoding to copy filtered resources.
2020-02-01 22:36:09,579 [Worker-33] INFO  o.e.m.c.i.embedder.EclipseLogger - Copying 0 resource
2020-02-01 22:36:09,580 [Worker-33] INFO  o.e.m.c.i.embedder.EclipseLogger - Using 'UTF-8' encoding to copy filtered resources.
2020-02-01 22:36:09,581 [Worker-33] INFO  o.e.m.c.i.embedder.EclipseLogger - skip non existing resourceDirectory D:\Maven-Hexaware\CarsProject\src\test\resources
2020-02-01 22:36:09,581 [Worker-33] INFO  o.e.m.w.i.f.ResourceFilteringBuildParticipant - Changed resources require a complete clean of filtered resources of CarsProject
2020-02-01 22:36:09,581 [Worker-33] INFO  o.e.m.w.i.f.ResourceFilteringBuildParticipant - Executing resource filtering for CarsProject
2020-02-01 22:36:09,585 [Worker-33] INFO  o.e.m.c.i.embedder.EclipseLogger - Using 'UTF-8' encoding to copy filtered resources.
2020-02-01 22:38:42,255 [Worker-38] INFO  o.e.m.c.i.embedder.EclipseLogger - Using 'UTF-8' encoding to copy filtered resources.
2020-02-01 22:38:42,258 [Worker-38] INFO  o.e.m.c.i.embedder.EclipseLogger - Copying 0 resource
2020-02-01 22:38:42,259 [Worker-38] INFO  o.e.m.c.i.embedder.EclipseLogger - Using 'UTF-8' encoding to copy filtered resources.
2020-02-01 22:38:42,259 [Worker-38] INFO  o.e.m.c.i.embedder.EclipseLogger - skip non existing resourceDirectory D:\Maven-Hexaware\CarsProject\src\test\resources
2020-02-01 22:39:03,571 [Worker-37] INFO  o.e.m.c.i.l.LifecycleMappingFactory - Using org.maven.ide.eclipse.wtp.WarLifecycleMapping lifecycle mapping for MavenProject: com.hexaware.batch4:CarsProject:0.0.1-SNAPSHOT @ D:\Maven-Hexaware\CarsProject\pom.xml.
2020-02-01 22:39:05,668 [Worker-37] INFO  o.e.m.c.i.embedder.EclipseLogger - Using 'UTF-8' encoding to copy filtered resources.
2020-02-01 22:39:05,669 [Worker-37] INFO  o.e.m.c.i.embedder.EclipseLogger - Copying 0 resource
2020-02-01 22:39:05,672 [Worker-37] INFO  o.e.m.c.i.embedder.EclipseLogger - Using 'UTF-8' encoding to copy filtered resources.
2020-02-01 22:39:05,672 [Worker-37] INFO  o.e.m.c.i.embedder.EclipseLogger - skip non existing resourceDirectory D:\Maven-Hexaware\CarsProject\src\test\resources
2020-02-01 22:39:05,672 [Worker-37] INFO  o.e.m.w.i.f.ResourceFilteringBuildParticipant - Changed resources require a complete clean of filtered resources of CarsProject
2020-02-01 22:39:05,672 [Worker-37] INFO  o.e.m.w.i.f.ResourceFilteringBuildParticipant - Executing resource filtering for CarsProject
2020-02-01 22:39:05,676 [Worker-37] INFO  o.e.m.c.i.embedder.EclipseLogger - Using 'UTF-8' encoding to copy filtered resources.
2020-02-01 22:41:15,760 [Worker-31] INFO  o.e.m.c.i.e.AbstractTransferListenerAdapter - Downloading https://repo.maven.apache.org/maven2/org/glassfish/jersey/containers/jersey-container-servlet-core/2.25/jersey-container-servlet-core-2.25-sources.jar
2020-02-01 22:41:16,305 [Worker-31] INFO  o.e.m.c.i.e.AbstractTransferListenerAdapter - Downloaded https://repo.maven.apache.org/maven2/org/glassfish/jersey/containers/jersey-container-servlet-core/2.25/jersey-container-servlet-core-2.25-sources.jar
2020-02-01 22:41:16,621 [Worker-31] INFO  o.e.m.j.internal.DownloadSourcesJob - Downloaded sources for org.glassfish.jersey.containers:jersey-container-servlet-core:2.25
2020-02-01 22:41:16,856 [Worker-31] INFO  o.e.m.c.i.e.AbstractTransferListenerAdapter - Downloading https://repo.maven.apache.org/maven2/org/glassfish/hk2/external/javax.inject/2.5.0-b30/javax.inject-2.5.0-b30-sources.jar
2020-02-01 22:41:17,039 [Worker-31] INFO  o.e.m.c.i.e.AbstractTransferListenerAdapter - Downloaded https://repo.maven.apache.org/maven2/org/glassfish/hk2/external/javax.inject/2.5.0-b30/javax.inject-2.5.0-b30-sources.jar
2020-02-01 22:41:17,215 [Worker-31] INFO  o.e.m.j.internal.DownloadSourcesJob - Downloaded sources for org.glassfish.hk2.external:javax.inject:2.5.0-b30
2020-02-01 22:41:17,405 [Worker-31] INFO  o.e.m.c.i.e.AbstractTransferListenerAdapter - Downloading https://repo.maven.apache.org/maven2/org/glassfish/jersey/core/jersey-common/2.25/jersey-common-2.25-sources.jar
2020-02-01 22:41:18,713 [Worker-31] INFO  o.e.m.c.i.e.AbstractTransferListenerAdapter - Downloaded https://repo.maven.apache.org/maven2/org/glassfish/jersey/core/jersey-common/2.25/jersey-common-2.25-sources.jar
2020-02-01 22:41:18,943 [Worker-31] INFO  o.e.m.j.internal.DownloadSourcesJob - Downloaded sources for org.glassfish.jersey.core:jersey-common:2.25
2020-02-01 22:41:19,127 [Worker-31] INFO  o.e.m.c.i.e.AbstractTransferListenerAdapter - Downloading https://repo.maven.apache.org/maven2/javax/annotation/javax.annotation-api/1.2/javax.annotation-api-1.2-sources.jar
2020-02-01 22:41:19,926 [Worker-31] INFO  o.e.m.c.i.e.AbstractTransferListenerAdapter - Downloaded https://repo.maven.apache.org/maven2/javax/annotation/javax.annotation-api/1.2/javax.annotation-api-1.2-sources.jar
2020-02-01 22:41:20,411 [Worker-31] INFO  o.e.m.j.internal.DownloadSourcesJob - Downloaded sources for javax.annotation:javax.annotation-api:1.2
2020-02-01 22:41:20,591 [Worker-31] INFO  o.e.m.c.i.e.AbstractTransferListenerAdapter - Downloading https://repo.maven.apache.org/maven2/org/glassfish/jersey/bundles/repackaged/jersey-guava/2.25/jersey-guava-2.25-sources.jar
2020-02-01 22:41:21,685 [Worker-31] INFO  o.e.m.c.i.e.AbstractTransferListenerAdapter - Downloaded https://repo.maven.apache.org/maven2/org/glassfish/jersey/bundles/repackaged/jersey-guava/2.25/jersey-guava-2.25-sources.jar
2020-02-01 22:41:21,903 [Worker-31] INFO  o.e.m.j.internal.DownloadSourcesJob - Downloaded sources for org.glassfish.jersey.bundles.repackaged:jersey-guava:2.25
2020-02-01 22:41:22,087 [Worker-31] INFO  o.e.m.c.i.e.AbstractTransferListenerAdapter - Downloading https://repo.maven.apache.org/maven2/org/glassfish/hk2/hk2-api/2.5.0-b30/hk2-api-2.5.0-b30-sources.jar
2020-02-01 22:41:22,442 [Worker-31] INFO  o.e.m.c.i.e.AbstractTransferListenerAdapter - Downloaded https://repo.maven.apache.org/maven2/org/glassfish/hk2/hk2-api/2.5.0-b30/hk2-api-2.5.0-b30-sources.jar
2020-02-01 22:41:22,677 [Worker-31] INFO  o.e.m.j.internal.DownloadSourcesJob - Downloaded sources for org.glassfish.hk2:hk2-api:2.5.0-b30
2020-02-01 22:41:22,863 [Worker-31] INFO  o.e.m.c.i.e.AbstractTransferListenerAdapter - Downloading https://repo.maven.apache.org/maven2/org/glassfish/hk2/hk2-utils/2.5.0-b30/hk2-utils-2.5.0-b30-sources.jar
2020-02-01 22:41:23,062 [Worker-31] INFO  o.e.m.c.i.e.AbstractTransferListenerAdapter - Downloaded https://repo.maven.apache.org/maven2/org/glassfish/hk2/hk2-utils/2.5.0-b30/hk2-utils-2.5.0-b30-sources.jar
2020-02-01 22:41:23,290 [Worker-31] INFO  o.e.m.j.internal.DownloadSourcesJob - Downloaded sources for org.glassfish.hk2:hk2-utils:2.5.0-b30
2020-02-01 22:41:23,468 [Worker-31] INFO  o.e.m.c.i.e.AbstractTransferListenerAdapter - Downloading https://repo.maven.apache.org/maven2/org/glassfish/hk2/external/aopalliance-repackaged/2.5.0-b30/aopalliance-repackaged-2.5.0-b30-sources.jar
2020-02-01 22:41:23,752 [Worker-31] INFO  o.e.m.c.i.e.AbstractTransferListenerAdapter - Downloaded https://repo.maven.apache.org/maven2/org/glassfish/hk2/external/aopalliance-repackaged/2.5.0-b30/aopalliance-repackaged-2.5.0-b30-sources.jar
2020-02-01 22:41:23,977 [Worker-31] INFO  o.e.m.j.internal.DownloadSourcesJob - Downloaded sources for org.glassfish.hk2.external:aopalliance-repackaged:2.5.0-b30
2020-02-01 22:41:24,156 [Worker-31] INFO  o.e.m.c.i.e.AbstractTransferListenerAdapter - Downloading https://repo.maven.apache.org/maven2/org/glassfish/hk2/hk2-locator/2.5.0-b30/hk2-locator-2.5.0-b30-sources.jar
2020-02-01 22:41:24,356 [Worker-31] INFO  o.e.m.c.i.e.AbstractTransferListenerAdapter - Downloaded https://repo.maven.apache.org/maven2/org/glassfish/hk2/hk2-locator/2.5.0-b30/hk2-locator-2.5.0-b30-sources.jar
2020-02-01 22:41:24,547 [Worker-31] INFO  o.e.m.j.internal.DownloadSourcesJob - Downloaded sources for org.glassfish.hk2:hk2-locator:2.5.0-b30
2020-02-01 22:41:24,727 [Worker-31] INFO  o.e.m.c.i.e.AbstractTransferListenerAdapter - Downloading https://repo.maven.apache.org/maven2/org/javassist/javassist/3.20.0-GA/javassist-3.20.0-GA-sources.jar
2020-02-01 22:41:25,266 [Worker-31] INFO  o.e.m.c.i.e.AbstractTransferListenerAdapter - Downloaded https://repo.maven.apache.org/maven2/org/javassist/javassist/3.20.0-GA/javassist-3.20.0-GA-sources.jar
2020-02-01 22:41:25,432 [Worker-31] INFO  o.e.m.j.internal.DownloadSourcesJob - Downloaded sources for org.javassist:javassist:3.20.0-GA
2020-02-01 22:41:25,617 [Worker-31] INFO  o.e.m.c.i.e.AbstractTransferListenerAdapter - Downloading https://repo.maven.apache.org/maven2/org/glassfish/hk2/osgi-resource-locator/1.0.1/osgi-resource-locator-1.0.1-sources.jar
2020-02-01 22:41:25,994 [Worker-31] INFO  o.e.m.c.i.e.AbstractTransferListenerAdapter - Downloaded https://repo.maven.apache.org/maven2/org/glassfish/hk2/osgi-resource-locator/1.0.1/osgi-resource-locator-1.0.1-sources.jar
2020-02-01 22:41:26,157 [Worker-31] INFO  o.e.m.j.internal.DownloadSourcesJob - Downloaded sources for org.glassfish.hk2:osgi-resource-locator:1.0.1
2020-02-01 22:41:26,344 [Worker-31] INFO  o.e.m.c.i.e.AbstractTransferListenerAdapter - Downloading https://repo.maven.apache.org/maven2/org/glassfish/jersey/core/jersey-server/2.25/jersey-server-2.25-sources.jar
2020-02-01 22:41:27,503 [Worker-31] INFO  o.e.m.c.i.e.AbstractTransferListenerAdapter - Downloaded https://repo.maven.apache.org/maven2/org/glassfish/jersey/core/jersey-server/2.25/jersey-server-2.25-sources.jar
2020-02-01 22:41:27,628 [Worker-31] INFO  o.e.m.j.internal.DownloadSourcesJob - Downloaded sources for org.glassfish.jersey.core:jersey-server:2.25
2020-02-01 22:41:27,804 [Worker-31] INFO  o.e.m.c.i.e.AbstractTransferListenerAdapter - Downloading https://repo.maven.apache.org/maven2/org/glassfish/jersey/core/jersey-client/2.25/jersey-client-2.25-sources.jar
2020-02-01 22:41:28,150 [Worker-31] INFO  o.e.m.c.i.e.AbstractTransferListenerAdapter - Downloaded https://repo.maven.apache.org/maven2/org/glassfish/jersey/core/jersey-client/2.25/jersey-client-2.25-sources.jar
2020-02-01 22:41:28,329 [Worker-31] INFO  o.e.m.j.internal.DownloadSourcesJob - Downloaded sources for org.glassfish.jersey.core:jersey-client:2.25
2020-02-01 22:41:28,504 [Worker-31] INFO  o.e.m.c.i.e.AbstractTransferListenerAdapter - Downloading https://repo.maven.apache.org/maven2/org/glassfish/jersey/media/jersey-media-jaxb/2.25/jersey-media-jaxb-2.25-sources.jar
2020-02-01 22:41:28,794 [Worker-31] INFO  o.e.m.c.i.e.AbstractTransferListenerAdapter - Downloaded https://repo.maven.apache.org/maven2/org/glassfish/jersey/media/jersey-media-jaxb/2.25/jersey-media-jaxb-2.25-sources.jar
2020-02-01 22:41:29,032 [Worker-31] INFO  o.e.m.j.internal.DownloadSourcesJob - Downloaded sources for org.glassfish.jersey.media:jersey-media-jaxb:2.25
2020-02-01 22:41:29,211 [Worker-31] INFO  o.e.m.c.i.e.AbstractTransferListenerAdapter - Downloading https://repo.maven.apache.org/maven2/javax/validation/validation-api/1.1.0.Final/validation-api-1.1.0.Final-sources.jar
2020-02-01 22:41:29,550 [Worker-31] INFO  o.e.m.c.i.e.AbstractTransferListenerAdapter - Downloaded https://repo.maven.apache.org/maven2/javax/validation/validation-api/1.1.0.Final/validation-api-1.1.0.Final-sources.jar
2020-02-01 22:41:29,810 [Worker-31] INFO  o.e.m.j.internal.DownloadSourcesJob - Downloaded sources for javax.validation:validation-api:1.1.0.Final
2020-02-01 22:41:29,991 [Worker-31] INFO  o.e.m.c.i.e.AbstractTransferListenerAdapter - Downloading https://repo.maven.apache.org/maven2/javax/ws/rs/javax.ws.rs-api/2.0.1/javax.ws.rs-api-2.0.1-sources.jar
2020-02-01 22:41:30,378 [Worker-31] INFO  o.e.m.c.i.e.AbstractTransferListenerAdapter - Downloaded https://repo.maven.apache.org/maven2/javax/ws/rs/javax.ws.rs-api/2.0.1/javax.ws.rs-api-2.0.1-sources.jar
2020-02-01 22:41:30,611 [Worker-31] INFO  o.e.m.j.internal.DownloadSourcesJob - Downloaded sources for javax.ws.rs:javax.ws.rs-api:2.0.1
2020-02-01 22:41:30,802 [Worker-31] INFO  o.e.m.c.i.e.AbstractTransferListenerAdapter - Downloading https://repo.maven.apache.org/maven2/org/glassfish/jersey/media/jersey-media-json-jackson/2.25/jersey-media-json-jackson-2.25-sources.jar
2020-02-01 22:41:31,039 [Worker-31] INFO  o.e.m.c.i.e.AbstractTransferListenerAdapter - Downloaded https://repo.maven.apache.org/maven2/org/glassfish/jersey/media/jersey-media-json-jackson/2.25/jersey-media-json-jackson-2.25-sources.jar
2020-02-01 22:41:31,213 [Worker-31] INFO  o.e.m.j.internal.DownloadSourcesJob - Downloaded sources for org.glassfish.jersey.media:jersey-media-json-jackson:2.25
2020-02-01 22:41:31,400 [Worker-31] INFO  o.e.m.c.i.e.AbstractTransferListenerAdapter - Downloading https://repo.maven.apache.org/maven2/org/glassfish/jersey/ext/jersey-entity-filtering/2.25/jersey-entity-filtering-2.25-sources.jar
2020-02-01 22:41:31,780 [Worker-31] INFO  o.e.m.c.i.e.AbstractTransferListenerAdapter - Downloaded https://repo.maven.apache.org/maven2/org/glassfish/jersey/ext/jersey-entity-filtering/2.25/jersey-entity-filtering-2.25-sources.jar
2020-02-01 22:41:31,956 [Worker-31] INFO  o.e.m.j.internal.DownloadSourcesJob - Downloaded sources for org.glassfish.jersey.ext:jersey-entity-filtering:2.25
2020-02-01 22:41:32,136 [Worker-31] INFO  o.e.m.c.i.e.AbstractTransferListenerAdapter - Downloading https://repo.maven.apache.org/maven2/com/fasterxml/jackson/jaxrs/jackson-jaxrs-base/2.8.4/jackson-jaxrs-base-2.8.4-sources.jar
2020-02-01 22:41:32,399 [Worker-31] INFO  o.e.m.c.i.e.AbstractTransferListenerAdapter - Downloaded https://repo.maven.apache.org/maven2/com/fasterxml/jackson/jaxrs/jackson-jaxrs-base/2.8.4/jackson-jaxrs-base-2.8.4-sources.jar
2020-02-01 22:41:32,886 [Worker-31] INFO  o.e.m.j.internal.DownloadSourcesJob - Downloaded sources for com.fasterxml.jackson.jaxrs:jackson-jaxrs-base:2.8.4
2020-02-01 22:41:33,064 [Worker-31] INFO  o.e.m.c.i.e.AbstractTransferListenerAdapter - Downloading https://repo.maven.apache.org/maven2/com/fasterxml/jackson/core/jackson-core/2.8.4/jackson-core-2.8.4-sources.jar
2020-02-01 22:41:33,436 [Worker-31] INFO  o.e.m.c.i.e.AbstractTransferListenerAdapter - Downloaded https://repo.maven.apache.org/maven2/com/fasterxml/jackson/core/jackson-core/2.8.4/jackson-core-2.8.4-sources.jar
2020-02-01 22:41:33,635 [Worker-31] INFO  o.e.m.j.internal.DownloadSourcesJob - Downloaded sources for com.fasterxml.jackson.core:jackson-core:2.8.4
2020-02-01 22:41:33,817 [Worker-31] INFO  o.e.m.c.i.e.AbstractTransferListenerAdapter - Downloading https://repo.maven.apache.org/maven2/com/fasterxml/jackson/core/jackson-databind/2.8.4/jackson-databind-2.8.4-sources.jar
2020-02-01 22:41:34,732 [Worker-31] INFO  o.e.m.c.i.e.AbstractTransferListenerAdapter - Downloaded https://repo.maven.apache.org/maven2/com/fasterxml/jackson/core/jackson-databind/2.8.4/jackson-databind-2.8.4-sources.jar
2020-02-01 22:41:34,955 [Worker-31] INFO  o.e.m.j.internal.DownloadSourcesJob - Downloaded sources for com.fasterxml.jackson.core:jackson-databind:2.8.4
2020-02-01 22:41:35,142 [Worker-31] INFO  o.e.m.c.i.e.AbstractTransferListenerAdapter - Downloading https://repo.maven.apache.org/maven2/com/fasterxml/jackson/jaxrs/jackson-jaxrs-json-provider/2.8.4/jackson-jaxrs-json-provider-2.8.4-sources.jar
2020-02-01 22:41:35,356 [Worker-31] INFO  o.e.m.c.i.e.AbstractTransferListenerAdapter - Downloaded https://repo.maven.apache.org/maven2/com/fasterxml/jackson/jaxrs/jackson-jaxrs-json-provider/2.8.4/jackson-jaxrs-json-provider-2.8.4-sources.jar
2020-02-01 22:41:35,502 [Worker-31] INFO  o.e.m.j.internal.DownloadSourcesJob - Downloaded sources for com.fasterxml.jackson.jaxrs:jackson-jaxrs-json-provider:2.8.4
2020-02-01 22:41:35,682 [Worker-31] INFO  o.e.m.c.i.e.AbstractTransferListenerAdapter - Downloading https://repo.maven.apache.org/maven2/com/fasterxml/jackson/module/jackson-module-jaxb-annotations/2.8.4/jackson-module-jaxb-annotations-2.8.4-sources.jar
2020-02-01 22:41:35,940 [Worker-31] INFO  o.e.m.c.i.e.AbstractTransferListenerAdapter - Downloaded https://repo.maven.apache.org/maven2/com/fasterxml/jackson/module/jackson-module-jaxb-annotations/2.8.4/jackson-module-jaxb-annotations-2.8.4-sources.jar
2020-02-01 22:41:36,209 [Worker-31] INFO  o.e.m.j.internal.DownloadSourcesJob - Downloaded sources for com.fasterxml.jackson.module:jackson-module-jaxb-annotations:2.8.4
2020-02-01 22:41:36,391 [Worker-31] INFO  o.e.m.c.i.e.AbstractTransferListenerAdapter - Downloading https://repo.maven.apache.org/maven2/com/fasterxml/jackson/core/jackson-annotations/2.8.4/jackson-annotations-2.8.4-sources.jar
2020-02-01 22:41:36,644 [Worker-31] INFO  o.e.m.c.i.e.AbstractTransferListenerAdapter - Downloaded https://repo.maven.apache.org/maven2/com/fasterxml/jackson/core/jackson-annotations/2.8.4/jackson-annotations-2.8.4-sources.jar
2020-02-01 22:41:37,035 [Worker-31] INFO  o.e.m.j.internal.DownloadSourcesJob - Downloaded sources for com.fasterxml.jackson.core:jackson-annotations:2.8.4
2020-02-01 22:41:37,433 [Worker-31] INFO  o.e.m.c.i.e.AbstractTransferListenerAdapter - Downloading https://repo.maven.apache.org/maven2/org/jmockit/jmockit/1.33/jmockit-1.33-sources.jar
2020-02-01 22:41:37,996 [Worker-31] INFO  o.e.m.c.i.e.AbstractTransferListenerAdapter - Downloaded https://repo.maven.apache.org/maven2/org/jmockit/jmockit/1.33/jmockit-1.33-sources.jar
2020-02-01 22:41:38,178 [Worker-31] INFO  o.e.m.j.internal.DownloadSourcesJob - Downloaded sources for org.jmockit:jmockit:1.33
2020-02-01 22:41:38,358 [Worker-31] INFO  o.e.m.c.i.e.AbstractTransferListenerAdapter - Downloading https://repo.maven.apache.org/maven2/junit/junit/4.12/junit-4.12-sources.jar
2020-02-01 22:41:38,619 [Worker-31] INFO  o.e.m.c.i.e.AbstractTransferListenerAdapter - Downloaded https://repo.maven.apache.org/maven2/junit/junit/4.12/junit-4.12-sources.jar
2020-02-01 22:41:39,378 [Worker-31] INFO  o.e.m.j.internal.DownloadSourcesJob - Downloaded sources for junit:junit:4.12
2020-02-01 22:41:39,558 [Worker-31] INFO  o.e.m.c.i.e.AbstractTransferListenerAdapter - Downloading https://repo.maven.apache.org/maven2/org/hamcrest/hamcrest-core/1.3/hamcrest-core-1.3-sources.jar
2020-02-01 22:41:39,785 [Worker-31] INFO  o.e.m.c.i.e.AbstractTransferListenerAdapter - Downloaded https://repo.maven.apache.org/maven2/org/hamcrest/hamcrest-core/1.3/hamcrest-core-1.3-sources.jar
2020-02-01 22:41:39,980 [Worker-31] INFO  o.e.m.j.internal.DownloadSourcesJob - Downloaded sources for org.hamcrest:hamcrest-core:1.3
2020-02-01 22:41:40,015 [Worker-31] INFO  o.e.m.j.internal.DownloadSourcesJob - Downloaded sources for org.jdbi:jdbi:2.73
2020-02-01 22:41:40,196 [Worker-31] INFO  o.e.m.c.i.e.AbstractTransferListenerAdapter - Downloading https://repo.maven.apache.org/maven2/mysql/mysql-connector-java/8.0.18/mysql-connector-java-8.0.18-sources.jar
2020-02-01 22:41:41,523 [Worker-31] INFO  o.e.m.c.i.e.AbstractTransferListenerAdapter - Downloaded https://repo.maven.apache.org/maven2/mysql/mysql-connector-java/8.0.18/mysql-connector-java-8.0.18-sources.jar
2020-02-01 22:41:41,902 [Worker-31] INFO  o.e.m.j.internal.DownloadSourcesJob - Downloaded sources for mysql:mysql-connector-java:8.0.18
2020-02-01 22:41:42,080 [Worker-31] INFO  o.e.m.c.i.e.AbstractTransferListenerAdapter - Downloading https://repo.maven.apache.org/maven2/com/google/protobuf/protobuf-java/3.6.1/protobuf-java-3.6.1-sources.jar
2020-02-01 22:41:42,908 [Worker-31] INFO  o.e.m.c.i.e.AbstractTransferListenerAdapter - Downloaded https://repo.maven.apache.org/maven2/com/google/protobuf/protobuf-java/3.6.1/protobuf-java-3.6.1-sources.jar
2020-02-01 22:41:43,099 [Worker-31] INFO  o.e.m.j.internal.DownloadSourcesJob - Downloaded sources for com.google.protobuf:protobuf-java:3.6.1
2020-02-01 22:41:43,283 [Worker-31] INFO  o.e.m.c.i.e.AbstractTransferListenerAdapter - Downloading https://repo.maven.apache.org/maven2/org/projectlombok/lombok/1.16.12/lombok-1.16.12-sources.jar
2020-02-01 22:41:44,095 [Worker-31] INFO  o.e.m.c.i.e.AbstractTransferListenerAdapter - Downloaded https://repo.maven.apache.org/maven2/org/projectlombok/lombok/1.16.12/lombok-1.16.12-sources.jar
2020-02-01 22:41:44,315 [Worker-31] INFO  o.e.m.j.internal.DownloadSourcesJob - Downloaded sources for org.projectlombok:lombok:1.16.12
2020-02-01 22:41:45,136 [Worker-31] INFO  o.e.m.c.i.embedder.EclipseLogger - Using 'UTF-8' encoding to copy filtered resources.
2020-02-01 22:41:45,138 [Worker-31] INFO  o.e.m.c.i.embedder.EclipseLogger - Copying 0 resource
2020-02-01 22:41:45,139 [Worker-31] INFO  o.e.m.c.i.embedder.EclipseLogger - Using 'UTF-8' encoding to copy filtered resources.
2020-02-01 22:41:45,140 [Worker-31] INFO  o.e.m.c.i.embedder.EclipseLogger - skip non existing resourceDirectory D:\Maven-Hexaware\CarsProject\src\test\resources
2020-02-01 23:04:36,440 [Worker-47] INFO  o.e.m.c.i.embedder.EclipseLogger - Using 'UTF-8' encoding to copy filtered resources.
2020-02-01 23:04:36,442 [Worker-47] INFO  o.e.m.c.i.embedder.EclipseLogger - Copying 0 resource
2020-02-01 23:04:36,444 [Worker-47] INFO  o.e.m.c.i.embedder.EclipseLogger - Using 'UTF-8' encoding to copy filtered resources.
2020-02-01 23:04:36,445 [Worker-47] INFO  o.e.m.c.i.embedder.EclipseLogger - skip non existing resourceDirectory D:\Maven-Hexaware\CarsProject\src\test\resources
2020-02-01 23:23:29,389 [Worker-53] INFO  o.e.m.c.i.embedder.EclipseLogger - Using 'UTF-8' encoding to copy filtered resources.
2020-02-01 23:23:29,390 [Worker-53] INFO  o.e.m.c.i.embedder.EclipseLogger - Copying 0 resource
2020-02-01 23:23:29,391 [Worker-53] INFO  o.e.m.c.i.embedder.EclipseLogger - Using 'UTF-8' encoding to copy filtered resources.
2020-02-01 23:23:29,392 [Worker-53] INFO  o.e.m.c.i.embedder.EclipseLogger - skip non existing resourceDirectory D:\Maven-Hexaware\CarsProject\src\test\resources
2020-02-01 23:23:54,751 [Worker-47] INFO  o.e.m.c.i.embedder.EclipseLogger - Using 'UTF-8' encoding to copy filtered resources.
2020-02-01 23:23:54,751 [Worker-47] INFO  o.e.m.c.i.embedder.EclipseLogger - Copying 0 resource
2020-02-01 23:23:54,752 [Worker-47] INFO  o.e.m.c.i.embedder.EclipseLogger - Using 'UTF-8' encoding to copy filtered resources.
2020-02-01 23:23:54,752 [Worker-47] INFO  o.e.m.c.i.embedder.EclipseLogger - skip non existing resourceDirectory D:\Maven-Hexaware\CarsProject\src\test\resources
2020-02-01 23:24:05,343 [Worker-47] INFO  o.e.m.c.i.embedder.EclipseLogger - Using 'UTF-8' encoding to copy filtered resources.
2020-02-01 23:24:05,343 [Worker-47] INFO  o.e.m.c.i.embedder.EclipseLogger - Copying 0 resource
2020-02-01 23:24:05,345 [Worker-47] INFO  o.e.m.c.i.embedder.EclipseLogger - Using 'UTF-8' encoding to copy filtered resources.
2020-02-01 23:24:05,346 [Worker-47] INFO  o.e.m.c.i.embedder.EclipseLogger - skip non existing resourceDirectory D:\Maven-Hexaware\CarsProject\src\test\resources
2020-02-01 23:34:11,797 [Worker-63] INFO  o.e.m.c.i.embedder.EclipseLogger - Using 'UTF-8' encoding to copy filtered resources.
2020-02-01 23:34:11,798 [Worker-63] INFO  o.e.m.c.i.embedder.EclipseLogger - Copying 0 resource
2020-02-01 23:34:11,799 [Worker-63] INFO  o.e.m.c.i.embedder.EclipseLogger - Using 'UTF-8' encoding to copy filtered resources.
2020-02-01 23:34:11,800 [Worker-63] INFO  o.e.m.c.i.embedder.EclipseLogger - skip non existing resourceDirectory D:\Maven-Hexaware\CarsProject\src\test\resources
2020-02-01 23:34:24,795 [Worker-59] INFO  o.e.m.c.i.embedder.EclipseLogger - Using 'UTF-8' encoding to copy filtered resources.
2020-02-01 23:34:24,795 [Worker-59] INFO  o.e.m.c.i.embedder.EclipseLogger - Copying 0 resource
2020-02-01 23:34:24,796 [Worker-59] INFO  o.e.m.c.i.embedder.EclipseLogger - Using 'UTF-8' encoding to copy filtered resources.
2020-02-01 23:34:24,797 [Worker-59] INFO  o.e.m.c.i.embedder.EclipseLogger - skip non existing resourceDirectory D:\Maven-Hexaware\CarsProject\src\test\resources
2020-02-01 23:34:54,823 [Worker-54] INFO  o.e.m.c.i.embedder.EclipseLogger - Using 'UTF-8' encoding to copy filtered resources.
2020-02-01 23:34:54,824 [Worker-54] INFO  o.e.m.c.i.embedder.EclipseLogger - Copying 0 resource
2020-02-01 23:34:54,825 [Worker-54] INFO  o.e.m.c.i.embedder.EclipseLogger - Using 'UTF-8' encoding to copy filtered resources.
2020-02-01 23:34:54,825 [Worker-54] INFO  o.e.m.c.i.embedder.EclipseLogger - skip non existing resourceDirectory D:\Maven-Hexaware\CarsProject\src\test\resources
2020-02-01 23:36:34,204 [Worker-62] INFO  o.e.m.c.i.embedder.EclipseLogger - Using 'UTF-8' encoding to copy filtered resources.
2020-02-01 23:36:34,204 [Worker-62] INFO  o.e.m.c.i.embedder.EclipseLogger - Copying 0 resource
2020-02-01 23:36:34,205 [Worker-62] INFO  o.e.m.c.i.embedder.EclipseLogger - Using 'UTF-8' encoding to copy filtered resources.
2020-02-01 23:36:34,206 [Worker-62] INFO  o.e.m.c.i.embedder.EclipseLogger - skip non existing resourceDirectory D:\Maven-Hexaware\CarsProject\src\test\resources
2020-02-02 00:29:47,886 [Worker-77] INFO  o.e.m.c.i.embedder.EclipseLogger - Using 'UTF-8' encoding to copy filtered resources.
2020-02-02 00:29:47,888 [Worker-77] INFO  o.e.m.c.i.embedder.EclipseLogger - Copying 0 resource
2020-02-02 00:29:47,889 [Worker-77] INFO  o.e.m.c.i.embedder.EclipseLogger - Using 'UTF-8' encoding to copy filtered resources.
2020-02-02 00:29:47,889 [Worker-77] INFO  o.e.m.c.i.embedder.EclipseLogger - skip non existing resourceDirectory D:\Maven-Hexaware\CarsProject\src\test\resources
2020-02-02 00:29:53,966 [Worker-75] INFO  o.e.m.c.i.embedder.EclipseLogger - Using 'UTF-8' encoding to copy filtered resources.
2020-02-02 00:29:53,967 [Worker-75] INFO  o.e.m.c.i.embedder.EclipseLogger - Copying 0 resource
2020-02-02 00:29:53,968 [Worker-75] INFO  o.e.m.c.i.embedder.EclipseLogger - Using 'UTF-8' encoding to copy filtered resources.
2020-02-02 00:29:53,968 [Worker-75] INFO  o.e.m.c.i.embedder.EclipseLogger - skip non existing resourceDirectory D:\Maven-Hexaware\CarsProject\src\test\resources
2020-02-02 00:30:40,653 [Worker-63] INFO  o.e.m.c.i.embedder.EclipseLogger - Using 'UTF-8' encoding to copy filtered resources.
2020-02-02 00:30:40,654 [Worker-63] INFO  o.e.m.c.i.embedder.EclipseLogger - Copying 0 resource
2020-02-02 00:30:40,655 [Worker-63] INFO  o.e.m.c.i.embedder.EclipseLogger - Using 'UTF-8' encoding to copy filtered resources.
2020-02-02 00:30:40,656 [Worker-63] INFO  o.e.m.c.i.embedder.EclipseLogger - skip non existing resourceDirectory D:\Maven-Hexaware\CarsProject\src\test\resources
2020-02-02 00:33:40,040 [Worker-81] INFO  o.e.m.c.i.embedder.EclipseLogger - Using 'UTF-8' encoding to copy filtered resources.
2020-02-02 00:33:40,040 [Worker-81] INFO  o.e.m.c.i.embedder.EclipseLogger - Copying 0 resource
2020-02-02 00:33:40,041 [Worker-81] INFO  o.e.m.c.i.embedder.EclipseLogger - Using 'UTF-8' encoding to copy filtered resources.
2020-02-02 00:33:40,041 [Worker-81] INFO  o.e.m.c.i.embedder.EclipseLogger - skip non existing resourceDirectory D:\Maven-Hexaware\CarsProject\src\test\resources
2020-02-02 00:34:40,576 [Worker-81] INFO  o.e.m.c.i.embedder.EclipseLogger - Using 'UTF-8' encoding to copy filtered resources.
2020-02-02 00:34:40,577 [Worker-81] INFO  o.e.m.c.i.embedder.EclipseLogger - Copying 0 resource
2020-02-02 00:34:40,577 [Worker-81] INFO  o.e.m.c.i.embedder.EclipseLogger - Using 'UTF-8' encoding to copy filtered resources.
2020-02-02 00:34:40,578 [Worker-81] INFO  o.e.m.c.i.embedder.EclipseLogger - skip non existing resourceDirectory D:\Maven-Hexaware\CarsProject\src\test\resources
2020-02-02 00:34:50,407 [Worker-63] INFO  o.e.m.c.i.embedder.EclipseLogger - Using 'UTF-8' encoding to copy filtered resources.
2020-02-02 00:34:50,409 [Worker-63] INFO  o.e.m.c.i.embedder.EclipseLogger - Copying 0 resource
2020-02-02 00:34:50,411 [Worker-63] INFO  o.e.m.c.i.embedder.EclipseLogger - Using 'UTF-8' encoding to copy filtered resources.
2020-02-02 00:34:50,412 [Worker-63] INFO  o.e.m.c.i.embedder.EclipseLogger - skip non existing resourceDirectory D:\Maven-Hexaware\CarsProject\src\test\resources
2020-02-02 00:35:17,269 [Worker-63] INFO  o.e.m.c.i.embedder.EclipseLogger - Using 'UTF-8' encoding to copy filtered resources.
2020-02-02 00:35:17,269 [Worker-63] INFO  o.e.m.c.i.embedder.EclipseLogger - Copying 0 resource
2020-02-02 00:35:17,271 [Worker-63] INFO  o.e.m.c.i.embedder.EclipseLogger - Using 'UTF-8' encoding to copy filtered resources.
2020-02-02 00:35:17,271 [Worker-63] INFO  o.e.m.c.i.embedder.EclipseLogger - skip non existing resourceDirectory D:\Maven-Hexaware\CarsProject\src\test\resources
2020-02-02 00:35:29,812 [Worker-63] INFO  o.e.m.c.i.embedder.EclipseLogger - Using 'UTF-8' encoding to copy filtered resources.
2020-02-02 00:35:29,812 [Worker-63] INFO  o.e.m.c.i.embedder.EclipseLogger - Copying 0 resource
2020-02-02 00:35:29,815 [Worker-63] INFO  o.e.m.c.i.embedder.EclipseLogger - Using 'UTF-8' encoding to copy filtered resources.
2020-02-02 00:35:29,815 [Worker-63] INFO  o.e.m.c.i.embedder.EclipseLogger - skip non existing resourceDirectory D:\Maven-Hexaware\CarsProject\src\test\resources
2020-02-02 00:35:37,556 [Worker-84] INFO  o.e.m.c.i.embedder.EclipseLogger - Using 'UTF-8' encoding to copy filtered resources.
2020-02-02 00:35:37,557 [Worker-84] INFO  o.e.m.c.i.embedder.EclipseLogger - Copying 0 resource
2020-02-02 00:35:37,558 [Worker-84] INFO  o.e.m.c.i.embedder.EclipseLogger - Using 'UTF-8' encoding to copy filtered resources.
2020-02-02 00:35:37,558 [Worker-84] INFO  o.e.m.c.i.embedder.EclipseLogger - skip non existing resourceDirectory D:\Maven-Hexaware\CarsProject\src\test\resources
2020-02-02 00:39:59,687 [Worker-87] INFO  o.e.m.c.i.embedder.EclipseLogger - Using 'UTF-8' encoding to copy filtered resources.
2020-02-02 00:39:59,688 [Worker-87] INFO  o.e.m.c.i.embedder.EclipseLogger - Copying 0 resource
2020-02-02 00:39:59,689 [Worker-87] INFO  o.e.m.c.i.embedder.EclipseLogger - Using 'UTF-8' encoding to copy filtered resources.
2020-02-02 00:39:59,689 [Worker-87] INFO  o.e.m.c.i.embedder.EclipseLogger - skip non existing resourceDirectory D:\Maven-Hexaware\CarsProject\src\test\resources
2020-02-02 00:41:14,051 [Worker-90] INFO  o.e.m.c.i.embedder.EclipseLogger - Using 'UTF-8' encoding to copy filtered resources.
2020-02-02 00:41:14,051 [Worker-90] INFO  o.e.m.c.i.embedder.EclipseLogger - Copying 0 resource
2020-02-02 00:41:14,052 [Worker-90] INFO  o.e.m.c.i.embedder.EclipseLogger - Using 'UTF-8' encoding to copy filtered resources.
2020-02-02 00:41:14,052 [Worker-90] INFO  o.e.m.c.i.embedder.EclipseLogger - skip non existing resourceDirectory D:\Maven-Hexaware\CarsProject\src\test\resources
2020-02-02 00:41:30,332 [Worker-82] INFO  o.e.m.c.i.embedder.EclipseLogger - Using 'UTF-8' encoding to copy filtered resources.
2020-02-02 00:41:30,332 [Worker-82] INFO  o.e.m.c.i.embedder.EclipseLogger - Copying 0 resource
2020-02-02 00:41:30,333 [Worker-82] INFO  o.e.m.c.i.embedder.EclipseLogger - Using 'UTF-8' encoding to copy filtered resources.
2020-02-02 00:41:30,333 [Worker-82] INFO  o.e.m.c.i.embedder.EclipseLogger - skip non existing resourceDirectory D:\Maven-Hexaware\CarsProject\src\test\resources
2020-02-02 00:41:39,704 [Worker-78] INFO  o.e.m.c.i.embedder.EclipseLogger - Using 'UTF-8' encoding to copy filtered resources.
2020-02-02 00:41:39,704 [Worker-78] INFO  o.e.m.c.i.embedder.EclipseLogger - Copying 0 resource
2020-02-02 00:41:39,705 [Worker-78] INFO  o.e.m.c.i.embedder.EclipseLogger - Using 'UTF-8' encoding to copy filtered resources.
2020-02-02 00:41:39,706 [Worker-78] INFO  o.e.m.c.i.embedder.EclipseLogger - skip non existing resourceDirectory D:\Maven-Hexaware\CarsProject\src\test\resources
2020-02-02 00:42:01,156 [Worker-82] WARN  o.e.r.models.ModelRepository - Failed to download org.eclipse.recommenders:index::zip:0.0.0
org.eclipse.aether.resolution.ArtifactResolutionException: Could not find artifact org.eclipse.recommenders:index:zip:0.0.0-SNAPSHOT in models (http://download.eclipse.org/recommenders/models/mars/)
	at org.eclipse.aether.internal.impl.DefaultArtifactResolver.resolve(DefaultArtifactResolver.java:444) ~[na:na]
	at org.eclipse.aether.internal.impl.DefaultArtifactResolver.resolveArtifacts(DefaultArtifactResolver.java:246) ~[na:na]
	at org.eclipse.aether.internal.impl.DefaultArtifactResolver.resolveArtifact(DefaultArtifactResolver.java:223) ~[na:na]
	at org.eclipse.aether.internal.impl.DefaultRepositorySystem.resolveArtifact(DefaultRepositorySystem.java:294) ~[na:na]
	at org.eclipse.recommenders.models.ModelRepository.resolveInternal(ModelRepository.java:192) [org.eclipse.recommenders.models_2.3.0.v20160216-1255.jar:na]
	at org.eclipse.recommenders.models.ModelRepository.resolve(ModelRepository.java:174) [org.eclipse.recommenders.models_2.3.0.v20160216-1255.jar:na]
	at org.eclipse.recommenders.internal.models.rcp.EclipseModelRepository.resolve(EclipseModelRepository.java:165) [org.eclipse.recommenders.models.rcp_2.3.0.v20160216-1255.jar:na]
	at org.eclipse.recommenders.internal.models.rcp.DownloadModelArchiveJob.run(DownloadModelArchiveJob.java:76) [org.eclipse.recommenders.models.rcp_2.3.0.v20160216-1255.jar:na]
	at org.eclipse.core.internal.jobs.Worker.run(Worker.java:55) [org.eclipse.core.jobs_3.7.0.v20150330-2103.jar:na]
Caused by: org.eclipse.aether.transfer.ArtifactNotFoundException: Could not find artifact org.eclipse.recommenders:index:zip:0.0.0-SNAPSHOT in models (http://download.eclipse.org/recommenders/models/mars/)
	at org.eclipse.aether.connector.basic.ArtifactTransportListener.transferFailed(ArtifactTransportListener.java:39) ~[org.eclipse.aether.connector.basic_1.0.1.v20141111.jar:na]
	at org.eclipse.aether.connector.basic.BasicRepositoryConnector$TaskRunner.run(BasicRepositoryConnector.java:355) ~[org.eclipse.aether.connector.basic_1.0.1.v20141111.jar:na]
	at org.eclipse.aether.util.concurrency.RunnableErrorForwarder$1.run(RunnableErrorForwarder.java:67) ~[na:na]
	at org.eclipse.aether.connector.basic.BasicRepositoryConnector$DirectExecutor.execute(BasicRepositoryConnector.java:581) ~[org.eclipse.aether.connector.basic_1.0.1.v20141111.jar:na]
	at org.eclipse.aether.connector.basic.BasicRepositoryConnector.get(BasicRepositoryConnector.java:249) ~[org.eclipse.aether.connector.basic_1.0.1.v20141111.jar:na]
	at org.eclipse.aether.internal.impl.DefaultArtifactResolver.performDownloads(DefaultArtifactResolver.java:520) ~[na:na]
	at org.eclipse.aether.internal.impl.DefaultArtifactResolver.resolve(DefaultArtifactResolver.java:421) ~[na:na]
	... 8 common frames omitted
2020-02-02 00:42:31,093 [Worker-82] INFO  o.e.m.c.i.embedder.EclipseLogger - Using 'UTF-8' encoding to copy filtered resources.
2020-02-02 00:42:31,094 [Worker-82] INFO  o.e.m.c.i.embedder.EclipseLogger - Copying 0 resource
2020-02-02 00:42:31,095 [Worker-82] INFO  o.e.m.c.i.embedder.EclipseLogger - Using 'UTF-8' encoding to copy filtered resources.
2020-02-02 00:42:31,095 [Worker-82] INFO  o.e.m.c.i.embedder.EclipseLogger - skip non existing resourceDirectory D:\Maven-Hexaware\CarsProject\src\test\resources
2020-02-02 00:43:53,914 [Worker-78] INFO  o.e.m.c.i.embedder.EclipseLogger - Using 'UTF-8' encoding to copy filtered resources.
2020-02-02 00:43:53,914 [Worker-78] INFO  o.e.m.c.i.embedder.EclipseLogger - Copying 0 resource
2020-02-02 00:43:53,915 [Worker-78] INFO  o.e.m.c.i.embedder.EclipseLogger - Using 'UTF-8' encoding to copy filtered resources.
2020-02-02 00:43:53,915 [Worker-78] INFO  o.e.m.c.i.embedder.EclipseLogger - skip non existing resourceDirectory D:\Maven-Hexaware\CarsProject\src\test\resources
2020-02-02 00:45:51,664 [Worker-82] INFO  o.e.m.c.i.embedder.EclipseLogger - Using 'UTF-8' encoding to copy filtered resources.
2020-02-02 00:45:51,665 [Worker-82] INFO  o.e.m.c.i.embedder.EclipseLogger - Copying 0 resource
2020-02-02 00:45:51,668 [Worker-82] INFO  o.e.m.c.i.embedder.EclipseLogger - Using 'UTF-8' encoding to copy filtered resources.
2020-02-02 00:45:51,668 [Worker-82] INFO  o.e.m.c.i.embedder.EclipseLogger - skip non existing resourceDirectory D:\Maven-Hexaware\CarsProject\src\test\resources
2020-02-02 00:46:33,485 [Worker-93] INFO  o.e.m.c.i.embedder.EclipseLogger - Using 'UTF-8' encoding to copy filtered resources.
2020-02-02 00:46:33,485 [Worker-93] INFO  o.e.m.c.i.embedder.EclipseLogger - Copying 0 resource
2020-02-02 00:46:33,486 [Worker-93] INFO  o.e.m.c.i.embedder.EclipseLogger - Using 'UTF-8' encoding to copy filtered resources.
2020-02-02 00:46:33,487 [Worker-93] INFO  o.e.m.c.i.embedder.EclipseLogger - skip non existing resourceDirectory D:\Maven-Hexaware\CarsProject\src\test\resources
2020-02-02 00:46:45,720 [Worker-82] INFO  o.e.m.c.i.embedder.EclipseLogger - Using 'UTF-8' encoding to copy filtered resources.
2020-02-02 00:46:45,720 [Worker-82] INFO  o.e.m.c.i.embedder.EclipseLogger - Copying 0 resource
2020-02-02 00:46:45,721 [Worker-82] INFO  o.e.m.c.i.embedder.EclipseLogger - Using 'UTF-8' encoding to copy filtered resources.
2020-02-02 00:46:45,721 [Worker-82] INFO  o.e.m.c.i.embedder.EclipseLogger - skip non existing resourceDirectory D:\Maven-Hexaware\CarsProject\src\test\resources
2020-02-02 00:47:23,870 [Worker-82] INFO  o.e.m.c.i.embedder.EclipseLogger - Using 'UTF-8' encoding to copy filtered resources.
2020-02-02 00:47:23,870 [Worker-82] INFO  o.e.m.c.i.embedder.EclipseLogger - Copying 0 resource
2020-02-02 00:47:23,871 [Worker-82] INFO  o.e.m.c.i.embedder.EclipseLogger - Using 'UTF-8' encoding to copy filtered resources.
2020-02-02 00:47:23,871 [Worker-82] INFO  o.e.m.c.i.embedder.EclipseLogger - skip non existing resourceDirectory D:\Maven-Hexaware\CarsProject\src\test\resources
2020-02-02 00:47:58,465 [Worker-87] INFO  o.e.m.c.i.embedder.EclipseLogger - Using 'UTF-8' encoding to copy filtered resources.
2020-02-02 00:47:58,466 [Worker-87] INFO  o.e.m.c.i.embedder.EclipseLogger - Copying 0 resource
2020-02-02 00:47:58,467 [Worker-87] INFO  o.e.m.c.i.embedder.EclipseLogger - Using 'UTF-8' encoding to copy filtered resources.
2020-02-02 00:47:58,468 [Worker-87] INFO  o.e.m.c.i.embedder.EclipseLogger - skip non existing resourceDirectory D:\Maven-Hexaware\CarsProject\src\test\resources
2020-02-02 00:49:54,027 [Worker-96] INFO  o.e.m.c.i.embedder.EclipseLogger - Using 'UTF-8' encoding to copy filtered resources.
2020-02-02 00:49:54,027 [Worker-96] INFO  o.e.m.c.i.embedder.EclipseLogger - Copying 0 resource
2020-02-02 00:49:54,028 [Worker-96] INFO  o.e.m.c.i.embedder.EclipseLogger - Using 'UTF-8' encoding to copy filtered resources.
2020-02-02 00:49:54,028 [Worker-96] INFO  o.e.m.c.i.embedder.EclipseLogger - skip non existing resourceDirectory D:\Maven-Hexaware\CarsProject\src\test\resources
2020-02-02 00:50:21,264 [Worker-92] INFO  o.e.m.c.i.embedder.EclipseLogger - Using 'UTF-8' encoding to copy filtered resources.
2020-02-02 00:50:21,264 [Worker-92] INFO  o.e.m.c.i.embedder.EclipseLogger - Copying 0 resource
2020-02-02 00:50:21,265 [Worker-92] INFO  o.e.m.c.i.embedder.EclipseLogger - Using 'UTF-8' encoding to copy filtered resources.
2020-02-02 00:50:21,265 [Worker-92] INFO  o.e.m.c.i.embedder.EclipseLogger - skip non existing resourceDirectory D:\Maven-Hexaware\CarsProject\src\test\resources
2020-02-02 01:01:42,409 [Worker-96] INFO  o.e.m.c.i.embedder.EclipseLogger - Using 'UTF-8' encoding to copy filtered resources.
2020-02-02 01:01:42,410 [Worker-96] INFO  o.e.m.c.i.embedder.EclipseLogger - Copying 0 resource
2020-02-02 01:01:42,413 [Worker-96] INFO  o.e.m.c.i.embedder.EclipseLogger - Using 'UTF-8' encoding to copy filtered resources.
2020-02-02 01:01:42,413 [Worker-96] INFO  o.e.m.c.i.embedder.EclipseLogger - skip non existing resourceDirectory D:\Maven-Hexaware\CarsProject\src\test\resources
2020-02-02 01:03:03,406 [Worker-103] INFO  o.e.m.c.i.embedder.EclipseLogger - Using 'UTF-8' encoding to copy filtered resources.
2020-02-02 01:03:03,407 [Worker-103] INFO  o.e.m.c.i.embedder.EclipseLogger - Copying 0 resource
2020-02-02 01:03:03,408 [Worker-103] INFO  o.e.m.c.i.embedder.EclipseLogger - Using 'UTF-8' encoding to copy filtered resources.
2020-02-02 01:03:03,409 [Worker-103] INFO  o.e.m.c.i.embedder.EclipseLogger - skip non existing resourceDirectory D:\Maven-Hexaware\CarsProject\src\test\resources
2020-02-02 01:04:46,054 [Worker-87] INFO  o.e.m.c.i.embedder.EclipseLogger - Using 'UTF-8' encoding to copy filtered resources.
2020-02-02 01:04:46,055 [Worker-87] INFO  o.e.m.c.i.embedder.EclipseLogger - Copying 0 resource
2020-02-02 01:04:46,056 [Worker-87] INFO  o.e.m.c.i.embedder.EclipseLogger - Using 'UTF-8' encoding to copy filtered resources.
2020-02-02 01:04:46,056 [Worker-87] INFO  o.e.m.c.i.embedder.EclipseLogger - skip non existing resourceDirectory D:\Maven-Hexaware\CarsProject\src\test\resources
2020-02-02 01:12:35,830 [Worker-104] INFO  o.e.m.c.i.embedder.EclipseLogger - Using 'UTF-8' encoding to copy filtered resources.
2020-02-02 01:12:35,830 [Worker-104] INFO  o.e.m.c.i.embedder.EclipseLogger - Copying 0 resource
2020-02-02 01:12:35,831 [Worker-104] INFO  o.e.m.c.i.embedder.EclipseLogger - Using 'UTF-8' encoding to copy filtered resources.
2020-02-02 01:12:35,831 [Worker-104] INFO  o.e.m.c.i.embedder.EclipseLogger - skip non existing resourceDirectory D:\Maven-Hexaware\CarsProject\src\test\resources
